<?xml version="1.0" encoding="UTF-8" ?>
<testsuite tests="79" failures="0" name="project.TestSuite" time="0.003" errors="0" skipped="0">
  <properties>
[...]
</properties>
  <testcase classname="project.GameTest" name="testSkullIslandDeduction" time="0"/>
  <testcase classname="project.GameTest" name="testCalculateDiceScoreGold" time="0"/>
  <testcase classname="project.GameTest" name="testTreasureChestScoreCalculator" time="0"/>
  <testcase classname="project.GameTest" name="testCalculateDiceScore" time="0"/>
  <testcase classname="project.GameTest" name="testMultiplayerReroll" time="0"/>
  <testcase classname="project.GameTest" name="testShuffleDeck" time="0"/>
  <testcase classname="project.GameTest" name="testSkullsIsland2" time="0"/>
  <testcase classname="project.GameTest" name="testCalculateDiceScoreDiamond" time="0"/>
  <testcase classname="project.GameTest" name="testRollDice" time="0"/>
  <testcase classname="project.GameTest" name="testSkullIslandReroll" time="0"/>
  <testcase classname="project.GameTest" name="testDetermineWinners" time="0"/>
  <testcase classname="project.GameTest" name="testArrayTreasureChestToString" time="0"/>
  <testcase classname="project.GameTest" name="testSkullIsland" time="0"/>
  <testcase classname="project.GameTest" name="testDrawFortuneCard" time="0"/>
  <testcase classname="project.GameTest" name="testCalculateDiceScoreMonkey" time="0"/>
  <testcase classname="project.GameTest" name="testGetWinner" time="0"/>
  <testcase classname="project.GameTest" name="testReRoll" time="0"/>
  <testcase classname="project.GameTest" name="testSeaBattleScore" time="0"/>
  <testcase classname="project.GameTest" name="testPopulateDeck" time="0"/>
  <testcase classname="project.GameTest" name="testArrayDiceToString" time="0"/>
  <testcase classname="project.PlayerTest" name="testFortuneCardValue" time="0"/>
  <testcase classname="project.PlayerTest" name="testGetPlayerID" time="0"/>
  <testcase classname="project.PlayerTest" name="testPlayerScoreValue" time="0"/>
  <testcase classname="project.PlayerTest" name="testPlayerDiceValue" time="0"/>
  <testcase classname="project.PlayerTest" name="testSetPlayerD" time="0"/>
  <testcase classname="project.FortuneTest" name="testGetName" time="0"/>
  <testcase classname="project.FortuneTest" name="testGetAmount" time="0"/>
  <testcase classname="project.AcceptanceTest" name="testRow45" time="0"/>
  <testcase classname="project.AcceptanceTest" name="testRow46" time="0"/>
  <testcase classname="project.AcceptanceTest" name="testRow47" time="0"/>
  <testcase classname="project.AcceptanceTest" name="testRow48" time="0"/>
  <testcase classname="project.AcceptanceTest" name="testRow50" time="0"/>
  <testcase classname="project.AcceptanceTest" name="testRow52" time="0"/>
  <testcase classname="project.AcceptanceTest" name="testRow53" time="0.001"/>
  <testcase classname="project.AcceptanceTest" name="testRow54" time="0"/>
  <testcase classname="project.AcceptanceTest" name="testRow55" time="0"/>
  <testcase classname="project.AcceptanceTest" name="testRow56" time="0"/>
  <testcase classname="project.AcceptanceTest" name="testRow57" time="0"/>
  <testcase classname="project.AcceptanceTest" name="testRow58" time="0"/>
  <testcase classname="project.AcceptanceTest" name="testRow59" time="0"/>
  <testcase classname="project.AcceptanceTest" name="testRow60" time="0"/>
  <testcase classname="project.AcceptanceTest" name="testRow62" time="0"/>
  <testcase classname="project.AcceptanceTest" name="testRow63" time="0"/>
  <testcase classname="project.AcceptanceTest" name="testRow64" time="0"/>
  <testcase classname="project.AcceptanceTest" name="testRow65" time="0"/>
  <testcase classname="project.AcceptanceTest" name="testRow66" time="0"/>
  <testcase classname="project.AcceptanceTest" name="testRow67" time="0"/>
  <testcase classname="project.AcceptanceTest" name="testRow68" time="0.001"/>
  <testcase classname="project.AcceptanceTest" name="testRow69" time="0"/>
  <testcase classname="project.AcceptanceTest" name="testRow70" time="0"/>
  <testcase classname="project.AcceptanceTest" name="testRow71" time="0"/>
  <testcase classname="project.AcceptanceTest" name="testRow72" time="0"/>
  <testcase classname="project.AcceptanceTest" name="testRow77" time="0"/>
  <testcase classname="project.AcceptanceTest" name="testRow78" time="0"/>
  <testcase classname="project.AcceptanceTest" name="testRow79" time="0.001"/>
  <testcase classname="project.AcceptanceTest" name="testRow82" time="0"/>
  <testcase classname="project.AcceptanceTest" name="testRow83" time="0"/>
  <testcase classname="project.AcceptanceTest" name="testRow84" time="0"/>
  <testcase classname="project.AcceptanceTest" name="testRow87" time="0"/>
  <testcase classname="project.AcceptanceTest" name="testRow92" time="0"/>
  <testcase classname="project.AcceptanceTest" name="testRow97" time="0"/>
  <testcase classname="project.AcceptanceTest" name="testRow98" time="0"/>
  <testcase classname="project.AcceptanceTest" name="testRow99" time="0"/>
  <testcase classname="project.AcceptanceTest" name="testRow100" time="0"/>
  <testcase classname="project.AcceptanceTest" name="testRow103" time="0"/>
  <testcase classname="project.AcceptanceTest" name="testRow106" time="0"/>
  <testcase classname="project.AcceptanceTest" name="testRow107" time="0"/>
  <testcase classname="project.AcceptanceTest" name="testRow108" time="0"/>
  <testcase classname="project.AcceptanceTest" name="testRow110" time="0"/>
  <testcase classname="project.AcceptanceTest" name="testRow111" time="0"/>
  <testcase classname="project.AcceptanceTest" name="testRow114" time="0"/>
  <testcase classname="project.AcceptanceTest" name="testRow115" time="0"/>
  <testcase classname="project.AcceptanceTest" name="testRow116" time="0"/>
  <testcase classname="project.AcceptanceTest" name="testRow117" time="0"/>
  <testcase classname="project.AcceptanceTest" name="testRow118" time="0"/>
  <testcase classname="project.AcceptanceTest" name="testRow120" time="0"/>
  <testcase classname="project.AcceptanceTest" name="testRow121" time="0"/>
  <testcase classname="project.AcceptanceTest" name="testRow123" time="0"/>
  <testcase classname="project.AcceptanceTest" name="testRow124" time="0"/>
</testsuite>