<?xml version="1.0" encoding="UTF-8" ?>
<testsuite tests="20" failures="2" name="project.GameTest" time="0.001" errors="0" skipped="0">
  <properties>
[...]
</properties>
  <testcase classname="project.GameTest" name="testSkullIslandDeduction" time="0"/>
  <testcase classname="project.GameTest" name="testCalculateDiceScoreGold" time="0"/>
  <testcase classname="project.GameTest" name="testTreasureChestScoreCalculator" time="0"/>
  <testcase classname="project.GameTest" name="testCalculateDiceScore" time="0"/>
  <testcase classname="project.GameTest" name="testMultiplayerReroll" time="0.001">
    <failure message="expected not same" type="junit.framework.AssertionFailedError">junit.framework.AssertionFailedError: expected not same
	at junit.framework.Assert.fail(Assert.java:57)
	at junit.framework.Assert.failSame(Assert.java:320)
	at junit.framework.Assert.assertNotSame(Assert.java:306)
	at junit.framework.Assert.assertNotSame(Assert.java:315)
	at junit.framework.TestCase.assertNotSame(TestCase.java:451)
	at project.GameTest.testMultiplayerReroll(GameTest.java:157)
	at java.base/jdk.internal.reflect.NativeMethodAccessorImpl.invoke0(Native Method)
	at java.base/jdk.internal.reflect.NativeMethodAccessorImpl.invoke(NativeMethodAccessorImpl.java:77)
	at java.base/jdk.internal.reflect.DelegatingMethodAccessorImpl.invoke(DelegatingMethodAccessorImpl.java:43)
	at java.base/java.lang.reflect.Method.invoke(Method.java:568)
	at junit.framework.TestCase.runTest(TestCase.java:177)
	at junit.framework.TestCase.runBare(TestCase.java:142)
	at junit.framework.TestResult$1.protect(TestResult.java:122)
	at junit.framework.TestResult.runProtected(TestResult.java:142)
	at junit.framework.TestResult.run(TestResult.java:125)
	at junit.framework.TestCase.run(TestCase.java:130)
	at junit.framework.TestSuite.runTest(TestSuite.java:241)
	at junit.framework.TestSuite.run(TestSuite.java:236)
	at org.junit.internal.runners.JUnit38ClassRunner.run(JUnit38ClassRunner.java:90)
	at org.apache.maven.surefire.junit4.JUnit4Provider.execute(JUnit4Provider.java:252)
	at org.apache.maven.surefire.junit4.JUnit4Provider.executeTestSet(JUnit4Provider.java:141)
	at org.apache.maven.surefire.junit4.JUnit4Provider.invoke(JUnit4Provider.java:112)
	at java.base/jdk.internal.reflect.NativeMethodAccessorImpl.invoke0(Native Method)
	at java.base/jdk.internal.reflect.NativeMethodAccessorImpl.invoke(NativeMethodAccessorImpl.java:77)
	at java.base/jdk.internal.reflect.DelegatingMethodAccessorImpl.invoke(DelegatingMethodAccessorImpl.java:43)
	at java.base/java.lang.reflect.Method.invoke(Method.java:568)
	at org.apache.maven.surefire.util.ReflectionUtils.invokeMethodWithArray(ReflectionUtils.java:189)
	at org.apache.maven.surefire.booter.ProviderFactory$ProviderProxy.invoke(ProviderFactory.java:165)
	at org.apache.maven.surefire.booter.ProviderFactory.invokeProvider(ProviderFactory.java:85)
	at org.apache.maven.surefire.booter.ForkedBooter.runSuitesInProcess(ForkedBooter.java:115)
	at org.apache.maven.surefire.booter.ForkedBooter.main(ForkedBooter.java:75)
</failure>
  </testcase>
  <testcase classname="project.GameTest" name="testShuffleDeck" time="0">
    <failure message="expected not same" type="junit.framework.AssertionFailedError">junit.framework.AssertionFailedError: expected not same
	at junit.framework.Assert.fail(Assert.java:57)
	at junit.framework.Assert.failSame(Assert.java:320)
	at junit.framework.Assert.assertNotSame(Assert.java:306)
	at junit.framework.Assert.assertNotSame(Assert.java:315)
	at junit.framework.TestCase.assertNotSame(TestCase.java:451)
	at project.GameTest.testShuffleDeck(GameTest.java:23)
	at java.base/jdk.internal.reflect.NativeMethodAccessorImpl.invoke0(Native Method)
	at java.base/jdk.internal.reflect.NativeMethodAccessorImpl.invoke(NativeMethodAccessorImpl.java:77)
	at java.base/jdk.internal.reflect.DelegatingMethodAccessorImpl.invoke(DelegatingMethodAccessorImpl.java:43)
	at java.base/java.lang.reflect.Method.invoke(Method.java:568)
	at junit.framework.TestCase.runTest(TestCase.java:177)
	at junit.framework.TestCase.runBare(TestCase.java:142)
	at junit.framework.TestResult$1.protect(TestResult.java:122)
	at junit.framework.TestResult.runProtected(TestResult.java:142)
	at junit.framework.TestResult.run(TestResult.java:125)
	at junit.framework.TestCase.run(TestCase.java:130)
	at junit.framework.TestSuite.runTest(TestSuite.java:241)
	at junit.framework.TestSuite.run(TestSuite.java:236)
	at org.junit.internal.runners.JUnit38ClassRunner.run(JUnit38ClassRunner.java:90)
	at org.apache.maven.surefire.junit4.JUnit4Provider.execute(JUnit4Provider.java:252)
	at org.apache.maven.surefire.junit4.JUnit4Provider.executeTestSet(JUnit4Provider.java:141)
	at org.apache.maven.surefire.junit4.JUnit4Provider.invoke(JUnit4Provider.java:112)
	at java.base/jdk.internal.reflect.NativeMethodAccessorImpl.invoke0(Native Method)
	at java.base/jdk.internal.reflect.NativeMethodAccessorImpl.invoke(NativeMethodAccessorImpl.java:77)
	at java.base/jdk.internal.reflect.DelegatingMethodAccessorImpl.invoke(DelegatingMethodAccessorImpl.java:43)
	at java.base/java.lang.reflect.Method.invoke(Method.java:568)
	at org.apache.maven.surefire.util.ReflectionUtils.invokeMethodWithArray(ReflectionUtils.java:189)
	at org.apache.maven.surefire.booter.ProviderFactory$ProviderProxy.invoke(ProviderFactory.java:165)
	at org.apache.maven.surefire.booter.ProviderFactory.invokeProvider(ProviderFactory.java:85)
	at org.apache.maven.surefire.booter.ForkedBooter.runSuitesInProcess(ForkedBooter.java:115)
	at org.apache.maven.surefire.booter.ForkedBooter.main(ForkedBooter.java:75)
</failure>
  </testcase>
  <testcase classname="project.GameTest" name="testSkullsIsland2" time="0"/>
  <testcase classname="project.GameTest" name="testCalculateDiceScoreDiamond" time="0"/>
  <testcase classname="project.GameTest" name="testRollDice" time="0"/>
  <testcase classname="project.GameTest" name="testSkullIslandReroll" time="0"/>
  <testcase classname="project.GameTest" name="testDetermineWinners" time="0"/>
  <testcase classname="project.GameTest" name="testArrayTreasureChestToString" time="0"/>
  <testcase classname="project.GameTest" name="testSkullIsland" time="0"/>
  <testcase classname="project.GameTest" name="testDrawFortuneCard" time="0"/>
  <testcase classname="project.GameTest" name="testCalculateDiceScoreMonkey" time="0"/>
  <testcase classname="project.GameTest" name="testGetWinner" time="0"/>
  <testcase classname="project.GameTest" name="testReRoll" time="0"/>
  <testcase classname="project.GameTest" name="testSeaBattleScore" time="0"/>
  <testcase classname="project.GameTest" name="testPopulateDeck" time="0"/>
  <testcase classname="project.GameTest" name="testArrayDiceToString" time="0"/>
</testsuite>